# JRE version: OpenJDK Runtime Environment GraalVM CE 22.3.0 (17.0.5+8) (build 17.0.5+8-jvmci-22.3-b08)
# Java VM: OpenJDK 64-Bit Server VM GraalVM CE 22.3.0 (17.0.5+8-jvmci-22.3-b08, mixed mode, sharing, tiered, jvmci, jvmci compiler, compressed oops, compressed class ptrs, parallel gc, linux-amd64)
GC Precious Log:
 CPUs: 8 total, 1 available
 Memory: 1024M
 Large Page Support: Disabled
 NUMA Support: Disabled
 Compressed Oops: Enabled (32-bit)
 Alignments: Space 512K, Generation 512K, Heap 2M
 Heap Min Capacity: 100M
 Heap Initial Capacity: 100M
 Heap Max Capacity: 512M
 Pre-touch: Disabled
 Parallel Workers: 1
Heap:
 PSYoungGen      total 25088K, used 14335K [0x00000000f5580000, 0x00000000f7e00000, 0x0000000100000000)
  eden space 14336K, 99% used [0x00000000f5580000,0x00000000f637fff8,0x00000000f6380000)
  from space 10752K, 0% used [0x00000000f6380000,0x00000000f6380000,0x00000000f6e00000)
  to   space 12288K, 0% used [0x00000000f7200000,0x00000000f7200000,0x00000000f7e00000)
 ParOldGen       total 349696K, used 349695K [0x00000000e0000000, 0x00000000f5580000, 0x00000000f5580000)
  object space 349696K, 99% used [0x00000000e0000000,0x00000000f557fff0,0x00000000f5580000)
 Metaspace       used 55469K, committed 56512K, reserved 1105920K
  class space    used 5538K, committed 6016K, reserved 1048576K
GC Heap History (20 events):
Event: 1861.971 GC heap before
{Heap before GC invocations=1366 (full 1249):
 PSYoungGen      total 25088K, used 14335K [0x00000000f5580000, 0x00000000f7e00000, 0x0000000100000000)
  eden space 14336K, 99% used [0x00000000f5580000,0x00000000f637fff8,0x00000000f6380000)
  from space 10752K, 0% used [0x00000000f6380000,0x00000000f6380000,0x00000000f6e00000)
  to   space 12288K, 0% used [0x00000000f7200000,0x00000000f7200000,0x00000000f7e00000)
 ParOldGen       total 349696K, used 349695K [0x00000000e0000000, 0x00000000f5580000, 0x00000000f5580000)
  object space 349696K, 99% used [0x00000000e0000000,0x00000000f557ffd8,0x00000000f5580000)
 Metaspace       used 55469K, committed 56512K, reserved 1105920K
  class space    used 5538K, committed 6016K, reserved 1048576K
}
Event: 1863.370 GC heap after
{Heap after GC invocations=1366 (full 1249):
 PSYoungGen      total 26624K, used 14335K [0x00000000f5580000, 0x00000000f7e00000, 0x0000000100000000)
  eden space 14336K, 99% used [0x00000000f5580000,0x00000000f637fff8,0x00000000f6380000)
  from space 12288K, 0% used [0x00000000f7200000,0x00000000f7200000,0x00000000f7e00000)
  to   space 10752K, 0% used [0x00000000f6380000,0x00000000f6380000,0x00000000f6e00000)
 ParOldGen       total 349696K, used 349695K [0x00000000e0000000, 0x00000000f5580000, 0x00000000f5580000)
  object space 349696K, 99% used [0x00000000e0000000,0x00000000f557fef8,0x00000000f5580000)
 Metaspace       used 55469K, committed 56512K, reserved 1105920K
  class space    used 5538K, committed 6016K, reserved 1048576K
}
Event: 1863.370 GC heap before
{Heap before GC invocations=1367 (full 1250):
 PSYoungGen      total 26624K, used 14335K [0x00000000f5580000, 0x00000000f7e00000, 0x0000000100000000)
  eden space 14336K, 99% used [0x00000000f5580000,0x00000000f637fff8,0x00000000f6380000)
  from space 12288K, 0% used [0x00000000f7200000,0x00000000f7200000,0x00000000f7e00000)
  to   space 10752K, 0% used [0x00000000f6380000,0x00000000f6380000,0x00000000f6e00000)
 ParOldGen       total 349696K, used 349695K [0x00000000e0000000, 0x00000000f5580000, 0x00000000f5580000)
  object space 349696K, 99% used [0x00000000e0000000,0x00000000f557fff0,0x00000000f5580000)
 Metaspace       used 55469K, committed 56512K, reserved 1105920K
  class space    used 5538K, committed 6016K, reserved 1048576K
}
Event: 1864.775 GC heap after
{Heap after GC invocations=1367 (full 1250):
 PSYoungGen      total 25088K, used 14335K [0x00000000f5580000, 0x00000000f7e00000, 0x0000000100000000)
  eden space 14336K, 99% used [0x00000000f5580000,0x00000000f637fff8,0x00000000f6380000)
  from space 10752K, 0% used [0x00000000f6380000,0x00000000f6380000,0x00000000f6e00000)
  to   space 12288K, 0% used [0x00000000f7200000,0x00000000f7200000,0x00000000f7e00000)
 ParOldGen       total 349696K, used 349695K [0x00000000e0000000, 0x00000000f5580000, 0x00000000f5580000)
  object space 349696K, 99% used [0x00000000e0000000,0x00000000f557ffc0,0x00000000f5580000)
 Metaspace       used 55469K, committed 56512K, reserved 1105920K
  class space    used 5538K, committed 6016K, reserved 1048576K
}
Event: 1864.776 GC heap before
{Heap before GC invocations=1368 (full 1251):
 PSYoungGen      total 25088K, used 14335K [0x00000000f5580000, 0x00000000f7e00000, 0x0000000100000000)
  eden space 14336K, 99% used [0x00000000f5580000,0x00000000f637fff8,0x00000000f6380000)
  from space 10752K, 0% used [0x00000000f6380000,0x00000000f6380000,0x00000000f6e00000)
  to   space 12288K, 0% used [0x00000000f7200000,0x00000000f7200000,0x00000000f7e00000)
 ParOldGen       total 349696K, used 349695K [0x00000000e0000000, 0x00000000f5580000, 0x00000000f5580000)
  object space 349696K, 99% used [0x00000000e0000000,0x00000000f557ffe8,0x00000000f5580000)
 Metaspace       used 55469K, committed 56512K, reserved 1105920K
  class space    used 5538K, committed 6016K, reserved 1048576K
}
Event: 1866.284 GC heap after
{Heap after GC invocations=1368 (full 1251):
 PSYoungGen      total 26624K, used 14335K [0x00000000f5580000, 0x00000000f7e00000, 0x0000000100000000)
  eden space 14336K, 99% used [0x00000000f5580000,0x00000000f637fff8,0x00000000f6380000)
  from space 12288K, 0% used [0x00000000f7200000,0x00000000f7200000,0x00000000f7e00000)
  to   space 10752K, 0% used [0x00000000f6380000,0x00000000f6380000,0x00000000f6e00000)
 ParOldGen       total 349696K, used 349695K [0x00000000e0000000, 0x00000000f5580000, 0x00000000f5580000)
  object space 349696K, 99% used [0x00000000e0000000,0x00000000f557ffd8,0x00000000f5580000)
 Metaspace       used 55469K, committed 56512K, reserved 1105920K
  class space    used 5538K, committed 6016K, reserved 1048576K
}
Event: 1866.284 GC heap before
{Heap before GC invocations=1369 (full 1252):
 PSYoungGen      total 26624K, used 14335K [0x00000000f5580000, 0x00000000f7e00000, 0x0000000100000000)
  eden space 14336K, 99% used [0x00000000f5580000,0x00000000f637fff8,0x00000000f6380000)
  from space 12288K, 0% used [0x00000000f7200000,0x00000000f7200000,0x00000000f7e00000)
  to   space 10752K, 0% used [0x00000000f6380000,0x00000000f6380000,0x00000000f6e00000)
 ParOldGen       total 349696K, used 349695K [0x00000000e0000000, 0x00000000f5580000, 0x00000000f5580000)
  object space 349696K, 99% used [0x00000000e0000000,0x00000000f557ffd8,0x00000000f5580000)
 Metaspace       used 55469K, committed 56512K, reserved 1105920K
  class space    used 5538K, committed 6016K, reserved 1048576K
}
Event: 1867.819 GC heap after
{Heap after GC invocations=1369 (full 1252):
 PSYoungGen      total 25088K, used 14335K [0x00000000f5580000, 0x00000000f7e00000, 0x0000000100000000)
  eden space 14336K, 99% used [0x00000000f5580000,0x00000000f637fff8,0x00000000f6380000)
  from space 10752K, 0% used [0x00000000f6380000,0x00000000f6380000,0x00000000f6e00000)
  to   space 12288K, 0% used [0x00000000f7200000,0x00000000f7200000,0x00000000f7e00000)
 ParOldGen       total 349696K, used 349695K [0x00000000e0000000, 0x00000000f5580000, 0x00000000f5580000)
  object space 349696K, 99% used [0x00000000e0000000,0x00000000f557ffd8,0x00000000f5580000)
 Metaspace       used 55469K, committed 56512K, reserved 1105920K
  class space    used 5538K, committed 6016K, reserved 1048576K
}
Event: 1867.823 GC heap before
{Heap before GC invocations=1370 (full 1253):
 PSYoungGen      total 25088K, used 14335K [0x00000000f5580000, 0x00000000f7e00000, 0x0000000100000000)
  eden space 14336K, 99% used [0x00000000f5580000,0x00000000f637fff8,0x00000000f6380000)
  from space 10752K, 0% used [0x00000000f6380000,0x00000000f6380000,0x00000000f6e00000)
  to   space 12288K, 0% used [0x00000000f7200000,0x00000000f7200000,0x00000000f7e00000)
 ParOldGen       total 349696K, used 349695K [0x00000000e0000000, 0x00000000f5580000, 0x00000000f5580000)
  object space 349696K, 99% used [0x00000000e0000000,0x00000000f557ffd8,0x00000000f5580000)
 Metaspace       used 55469K, committed 56512K, reserved 1105920K
  class space    used 5538K, committed 6016K, reserved 1048576K
}
Event: 1869.276 GC heap after
{Heap after GC invocations=1370 (full 1253):
 PSYoungGen      total 26624K, used 14335K [0x00000000f5580000, 0x00000000f7e00000, 0x0000000100000000)
  eden space 14336K, 99% used [0x00000000f5580000,0x00000000f637fff8,0x00000000f6380000)
  from space 12288K, 0% used [0x00000000f7200000,0x00000000f7200000,0x00000000f7e00000)
  to   space 10752K, 0% used [0x00000000f6380000,0x00000000f6380000,0x00000000f6e00000)
 ParOldGen       total 349696K, used 349695K [0x00000000e0000000, 0x00000000f5580000, 0x00000000f5580000)
  object space 349696K, 99% used [0x00000000e0000000,0x00000000f557ffd8,0x00000000f5580000)
 Metaspace       used 55469K, committed 56512K, reserved 1105920K
  class space    used 5538K, committed 6016K, reserved 1048576K
}
Event: 1869.276 GC heap before
{Heap before GC invocations=1371 (full 1254):
 PSYoungGen      total 26624K, used 14335K [0x00000000f5580000, 0x00000000f7e00000, 0x0000000100000000)
  eden space 14336K, 99% used [0x00000000f5580000,0x00000000f637fff8,0x00000000f6380000)
  from space 12288K, 0% used [0x00000000f7200000,0x00000000f7200000,0x00000000f7e00000)
  to   space 10752K, 0% used [0x00000000f6380000,0x00000000f6380000,0x00000000f6e00000)
 ParOldGen       total 349696K, used 349695K [0x00000000e0000000, 0x00000000f5580000, 0x00000000f5580000)
  object space 349696K, 99% used [0x00000000e0000000,0x00000000f557ffd8,0x00000000f5580000)
 Metaspace       used 55469K, committed 56512K, reserved 1105920K
  class space    used 5538K, committed 6016K, reserved 1048576K
}
Event: 1870.617 GC heap after
{Heap after GC invocations=1371 (full 1254):
 PSYoungGen      total 25088K, used 14335K [0x00000000f5580000, 0x00000000f7e00000, 0x0000000100000000)
  eden space 14336K, 99% used [0x00000000f5580000,0x00000000f637fff8,0x00000000f6380000)
  from space 10752K, 0% used [0x00000000f6380000,0x00000000f6380000,0x00000000f6e00000)
  to   space 12288K, 0% used [0x00000000f7200000,0x00000000f7200000,0x00000000f7e00000)
 ParOldGen       total 349696K, used 349695K [0x00000000e0000000, 0x00000000f5580000, 0x00000000f5580000)
  object space 349696K, 99% used [0x00000000e0000000,0x00000000f557ffd8,0x00000000f5580000)
 Metaspace       used 55469K, committed 56512K, reserved 1105920K
  class space    used 5538K, committed 6016K, reserved 1048576K
}
Event: 1870.617 GC heap before
{Heap before GC invocations=1372 (full 1255):
 PSYoungGen      total 25088K, used 14335K [0x00000000f5580000, 0x00000000f7e00000, 0x0000000100000000)
  eden space 14336K, 99% used [0x00000000f5580000,0x00000000f637fff8,0x00000000f6380000)
  from space 10752K, 0% used [0x00000000f6380000,0x00000000f6380000,0x00000000f6e00000)
  to   space 12288K, 0% used [0x00000000f7200000,0x00000000f7200000,0x00000000f7e00000)
 ParOldGen       total 349696K, used 349695K [0x00000000e0000000, 0x00000000f5580000, 0x00000000f5580000)
  object space 349696K, 99% used [0x00000000e0000000,0x00000000f557ffd8,0x00000000f5580000)
 Metaspace       used 55469K, committed 56512K, reserved 1105920K
  class space    used 5538K, committed 6016K, reserved 1048576K
}
Event: 1871.970 GC heap after
{Heap after GC invocations=1372 (full 1255):
 PSYoungGen      total 26624K, used 14335K [0x00000000f5580000, 0x00000000f7e00000, 0x0000000100000000)
  eden space 14336K, 99% used [0x00000000f5580000,0x00000000f637fff8,0x00000000f6380000)
  from space 12288K, 0% used [0x00000000f7200000,0x00000000f7200000,0x00000000f7e00000)
  to   space 10752K, 0% used [0x00000000f6380000,0x00000000f6380000,0x00000000f6e00000)
 ParOldGen       total 349696K, used 349695K [0x00000000e0000000, 0x00000000f5580000, 0x00000000f5580000)
  object space 349696K, 99% used [0x00000000e0000000,0x00000000f557ffd8,0x00000000f5580000)
 Metaspace       used 55469K, committed 56512K, reserved 1105920K
  class space    used 5538K, committed 6016K, reserved 1048576K
}
Event: 1871.970 GC heap before
{Heap before GC invocations=1373 (full 1256):
 PSYoungGen      total 26624K, used 14335K [0x00000000f5580000, 0x00000000f7e00000, 0x0000000100000000)
  eden space 14336K, 99% used [0x00000000f5580000,0x00000000f637fff8,0x00000000f6380000)
  from space 12288K, 0% used [0x00000000f7200000,0x00000000f7200000,0x00000000f7e00000)
  to   space 10752K, 0% used [0x00000000f6380000,0x00000000f6380000,0x00000000f6e00000)
 ParOldGen       total 349696K, used 349695K [0x00000000e0000000, 0x00000000f5580000, 0x00000000f5580000)
  object space 349696K, 99% used [0x00000000e0000000,0x00000000f557ffd8,0x00000000f5580000)
 Metaspace       used 55469K, committed 56512K, reserved 1105920K
  class space    used 5538K, committed 6016K, reserved 1048576K
}
Event: 1873.314 GC heap after
{Heap after GC invocations=1373 (full 1256):
 PSYoungGen      total 25088K, used 14335K [0x00000000f5580000, 0x00000000f7e00000, 0x0000000100000000)
  eden space 14336K, 99% used [0x00000000f5580000,0x00000000f637fff8,0x00000000f6380000)
  from space 10752K, 0% used [0x00000000f6380000,0x00000000f6380000,0x00000000f6e00000)
  to   space 12288K, 0% used [0x00000000f7200000,0x00000000f7200000,0x00000000f7e00000)
 ParOldGen       total 349696K, used 349695K [0x00000000e0000000, 0x00000000f5580000, 0x00000000f5580000)
  object space 349696K, 99% used [0x00000000e0000000,0x00000000f557ffd8,0x00000000f5580000)
 Metaspace       used 55469K, committed 56512K, reserved 1105920K
  class space    used 5538K, committed 6016K, reserved 1048576K
}
Event: 1873.314 GC heap before
{Heap before GC invocations=1374 (full 1257):
 PSYoungGen      total 25088K, used 14335K [0x00000000f5580000, 0x00000000f7e00000, 0x0000000100000000)
  eden space 14336K, 99% used [0x00000000f5580000,0x00000000f637fff8,0x00000000f6380000)
  from space 10752K, 0% used [0x00000000f6380000,0x00000000f6380000,0x00000000f6e00000)
  to   space 12288K, 0% used [0x00000000f7200000,0x00000000f7200000,0x00000000f7e00000)
 ParOldGen       total 349696K, used 349695K [0x00000000e0000000, 0x00000000f5580000, 0x00000000f5580000)
  object space 349696K, 99% used [0x00000000e0000000,0x00000000f557fff0,0x00000000f5580000)
 Metaspace       used 55469K, committed 56512K, reserved 1105920K
  class space    used 5538K, committed 6016K, reserved 1048576K
}
Event: 1874.626 GC heap after
{Heap after GC invocations=1374 (full 1257):
 PSYoungGen      total 26624K, used 14335K [0x00000000f5580000, 0x00000000f7e00000, 0x0000000100000000)
  eden space 14336K, 99% used [0x00000000f5580000,0x00000000f637fff8,0x00000000f6380000)
  from space 12288K, 0% used [0x00000000f7200000,0x00000000f7200000,0x00000000f7e00000)
  to   space 10752K, 0% used [0x00000000f6380000,0x00000000f6380000,0x00000000f6e00000)
 ParOldGen       total 349696K, used 349695K [0x00000000e0000000, 0x00000000f5580000, 0x00000000f5580000)
  object space 349696K, 99% used [0x00000000e0000000,0x00000000f557fff0,0x00000000f5580000)
 Metaspace       used 55469K, committed 56512K, reserved 1105920K
  class space    used 5538K, committed 6016K, reserved 1048576K
}
Event: 1874.626 GC heap before
{Heap before GC invocations=1375 (full 1258):
 PSYoungGen      total 26624K, used 14335K [0x00000000f5580000, 0x00000000f7e00000, 0x0000000100000000)
  eden space 14336K, 99% used [0x00000000f5580000,0x00000000f637fff8,0x00000000f6380000)
  from space 12288K, 0% used [0x00000000f7200000,0x00000000f7200000,0x00000000f7e00000)
  to   space 10752K, 0% used [0x00000000f6380000,0x00000000f6380000,0x00000000f6e00000)
 ParOldGen       total 349696K, used 349695K [0x00000000e0000000, 0x00000000f5580000, 0x00000000f5580000)
  object space 349696K, 99% used [0x00000000e0000000,0x00000000f557fff0,0x00000000f5580000)
 Metaspace       used 55469K, committed 56512K, reserved 1105920K
  class space    used 5538K, committed 6016K, reserved 1048576K
}
Event: 1876.030 GC heap after
{Heap after GC invocations=1375 (full 1258):
 PSYoungGen      total 25088K, used 14335K [0x00000000f5580000, 0x00000000f7e00000, 0x0000000100000000)
  eden space 14336K, 99% used [0x00000000f5580000,0x00000000f637fff8,0x00000000f6380000)
  from space 10752K, 0% used [0x00000000f6380000,0x00000000f6380000,0x00000000f6e00000)
  to   space 12288K, 0% used [0x00000000f7200000,0x00000000f7200000,0x00000000f7e00000)
 ParOldGen       total 349696K, used 349695K [0x00000000e0000000, 0x00000000f5580000, 0x00000000f5580000)
  object space 349696K, 99% used [0x00000000e0000000,0x00000000f557fff0,0x00000000f5580000)
 Metaspace       used 55469K, committed 56512K, reserved 1105920K
  class space    used 5538K, committed 6016K, reserved 1048576K
}

