# JRE version: OpenJDK Runtime Environment GraalVM CE 22.3.0 (17.0.5+8) (build 17.0.5+8-jvmci-22.3-b08)
# Java VM: OpenJDK 64-Bit Server VM GraalVM CE 22.3.0 (17.0.5+8-jvmci-22.3-b08, mixed mode, sharing, tiered, jvmci, jvmci compiler, compressed oops, compressed class ptrs, parallel gc, linux-amd64)
GC Precious Log:
 CPUs: 8 total, 1 available
 Memory: 1024M
 Large Page Support: Disabled
 NUMA Support: Disabled
 Compressed Oops: Enabled (32-bit)
 Alignments: Space 512K, Generation 512K, Heap 2M
 Heap Min Capacity: 100M
 Heap Initial Capacity: 100M
 Heap Max Capacity: 512M
 Pre-touch: Disabled
 Parallel Workers: 1
Heap:
 PSYoungGen      total 32256K, used 23551K [0x00000000f5580000, 0x00000000f8180000, 0x0000000100000000)
  eden space 23552K, 99% used [0x00000000f5580000,0x00000000f6c7fff8,0x00000000f6c80000)
  from space 8704K, 0% used [0x00000000f7900000,0x00000000f7900000,0x00000000f8180000)
  to   space 9728K, 0% used [0x00000000f6c80000,0x00000000f6c80000,0x00000000f7600000)
 ParOldGen       total 349696K, used 349696K [0x00000000e0000000, 0x00000000f5580000, 0x00000000f5580000)
  object space 349696K, 100% used [0x00000000e0000000,0x00000000f5580000,0x00000000f5580000)
 Metaspace       used 49583K, committed 50368K, reserved 1097728K
  class space    used 4918K, committed 5248K, reserved 1048576K
GC Heap History (20 events):
Event: 261.766 GC heap before
{Heap before GC invocations=198 (full 107):
 PSYoungGen      total 32256K, used 23552K [0x00000000f5580000, 0x00000000f8180000, 0x0000000100000000)
  eden space 23552K, 100% used [0x00000000f5580000,0x00000000f6c80000,0x00000000f6c80000)
  from space 8704K, 0% used [0x00000000f7900000,0x00000000f7900000,0x00000000f8180000)
  to   space 9728K, 0% used [0x00000000f6c80000,0x00000000f6c80000,0x00000000f7600000)
 ParOldGen       total 349696K, used 349695K [0x00000000e0000000, 0x00000000f5580000, 0x00000000f5580000)
  object space 349696K, 99% used [0x00000000e0000000,0x00000000f557ff50,0x00000000f5580000)
 Metaspace       used 49582K, committed 50368K, reserved 1097728K
  class space    used 4918K, committed 5248K, reserved 1048576K
}
Event: 263.668 GC heap after
{Heap after GC invocations=198 (full 107):
 PSYoungGen      total 33280K, used 23548K [0x00000000f5580000, 0x00000000f8180000, 0x0000000100000000)
  eden space 23552K, 99% used [0x00000000f5580000,0x00000000f6c7f2a8,0x00000000f6c80000)
  from space 9728K, 0% used [0x00000000f6c80000,0x00000000f6c80000,0x00000000f7600000)
  to   space 8704K, 0% used [0x00000000f7900000,0x00000000f7900000,0x00000000f8180000)
 ParOldGen       total 349696K, used 349695K [0x00000000e0000000, 0x00000000f5580000, 0x00000000f5580000)
  object space 349696K, 99% used [0x00000000e0000000,0x00000000f557ff50,0x00000000f5580000)
 Metaspace       used 49582K, committed 50368K, reserved 1097728K
  class space    used 4918K, committed 5248K, reserved 1048576K
}
Event: 263.669 GC heap before
{Heap before GC invocations=199 (full 108):
 PSYoungGen      total 33280K, used 23551K [0x00000000f5580000, 0x00000000f8180000, 0x0000000100000000)
  eden space 23552K, 99% used [0x00000000f5580000,0x00000000f6c7ff88,0x00000000f6c80000)
  from space 9728K, 0% used [0x00000000f6c80000,0x00000000f6c80000,0x00000000f7600000)
  to   space 8704K, 0% used [0x00000000f7900000,0x00000000f7900000,0x00000000f8180000)
 ParOldGen       total 349696K, used 349695K [0x00000000e0000000, 0x00000000f5580000, 0x00000000f5580000)
  object space 349696K, 99% used [0x00000000e0000000,0x00000000f557ff50,0x00000000f5580000)
 Metaspace       used 49582K, committed 50368K, reserved 1097728K
  class space    used 4918K, committed 5248K, reserved 1048576K
}
Event: 265.462 GC heap after
{Heap after GC invocations=199 (full 108):
 PSYoungGen      total 32256K, used 23548K [0x00000000f5580000, 0x00000000f8180000, 0x0000000100000000)
  eden space 23552K, 99% used [0x00000000f5580000,0x00000000f6c7f230,0x00000000f6c80000)
  from space 8704K, 0% used [0x00000000f7900000,0x00000000f7900000,0x00000000f8180000)
  to   space 9728K, 0% used [0x00000000f6c80000,0x00000000f6c80000,0x00000000f7600000)
 ParOldGen       total 349696K, used 349695K [0x00000000e0000000, 0x00000000f5580000, 0x00000000f5580000)
  object space 349696K, 99% used [0x00000000e0000000,0x00000000f557ff50,0x00000000f5580000)
 Metaspace       used 49582K, committed 50368K, reserved 1097728K
  class space    used 4918K, committed 5248K, reserved 1048576K
}
Event: 265.463 GC heap before
{Heap before GC invocations=200 (full 109):
 PSYoungGen      total 32256K, used 23551K [0x00000000f5580000, 0x00000000f8180000, 0x0000000100000000)
  eden space 23552K, 99% used [0x00000000f5580000,0x00000000f6c7fd40,0x00000000f6c80000)
  from space 8704K, 0% used [0x00000000f7900000,0x00000000f7900000,0x00000000f8180000)
  to   space 9728K, 0% used [0x00000000f6c80000,0x00000000f6c80000,0x00000000f7600000)
 ParOldGen       total 349696K, used 349695K [0x00000000e0000000, 0x00000000f5580000, 0x00000000f5580000)
  object space 349696K, 99% used [0x00000000e0000000,0x00000000f557ff50,0x00000000f5580000)
 Metaspace       used 49582K, committed 50368K, reserved 1097728K
  class space    used 4918K, committed 5248K, reserved 1048576K
}
Event: 267.172 GC heap after
{Heap after GC invocations=200 (full 109):
 PSYoungGen      total 33280K, used 23548K [0x00000000f5580000, 0x00000000f8180000, 0x0000000100000000)
  eden space 23552K, 99% used [0x00000000f5580000,0x00000000f6c7f3a0,0x00000000f6c80000)
  from space 9728K, 0% used [0x00000000f6c80000,0x00000000f6c80000,0x00000000f7600000)
  to   space 8704K, 0% used [0x00000000f7900000,0x00000000f7900000,0x00000000f8180000)
 ParOldGen       total 349696K, used 349695K [0x00000000e0000000, 0x00000000f5580000, 0x00000000f5580000)
  object space 349696K, 99% used [0x00000000e0000000,0x00000000f557ff50,0x00000000f5580000)
 Metaspace       used 49582K, committed 50368K, reserved 1097728K
  class space    used 4918K, committed 5248K, reserved 1048576K
}
Event: 267.172 GC heap before
{Heap before GC invocations=201 (full 110):
 PSYoungGen      total 33280K, used 23548K [0x00000000f5580000, 0x00000000f8180000, 0x0000000100000000)
  eden space 23552K, 99% used [0x00000000f5580000,0x00000000f6c7f3a0,0x00000000f6c80000)
  from space 9728K, 0% used [0x00000000f6c80000,0x00000000f6c80000,0x00000000f7600000)
  to   space 8704K, 0% used [0x00000000f7900000,0x00000000f7900000,0x00000000f8180000)
 ParOldGen       total 349696K, used 349695K [0x00000000e0000000, 0x00000000f5580000, 0x00000000f5580000)
  object space 349696K, 99% used [0x00000000e0000000,0x00000000f557ff50,0x00000000f5580000)
 Metaspace       used 49582K, committed 50368K, reserved 1097728K
  class space    used 4918K, committed 5248K, reserved 1048576K
}
Event: 268.942 GC heap after
{Heap after GC invocations=201 (full 110):
 PSYoungGen      total 32256K, used 23548K [0x00000000f5580000, 0x00000000f8180000, 0x0000000100000000)
  eden space 23552K, 99% used [0x00000000f5580000,0x00000000f6c7f3a0,0x00000000f6c80000)
  from space 8704K, 0% used [0x00000000f7900000,0x00000000f7900000,0x00000000f8180000)
  to   space 9728K, 0% used [0x00000000f6c80000,0x00000000f6c80000,0x00000000f7600000)
 ParOldGen       total 349696K, used 349695K [0x00000000e0000000, 0x00000000f5580000, 0x00000000f5580000)
  object space 349696K, 99% used [0x00000000e0000000,0x00000000f557ff50,0x00000000f5580000)
 Metaspace       used 49582K, committed 50368K, reserved 1097728K
  class space    used 4918K, committed 5248K, reserved 1048576K
}
Event: 268.946 GC heap before
{Heap before GC invocations=202 (full 111):
 PSYoungGen      total 32256K, used 23552K [0x00000000f5580000, 0x00000000f8180000, 0x0000000100000000)
  eden space 23552K, 100% used [0x00000000f5580000,0x00000000f6c80000,0x00000000f6c80000)
  from space 8704K, 0% used [0x00000000f7900000,0x00000000f7900000,0x00000000f8180000)
  to   space 9728K, 0% used [0x00000000f6c80000,0x00000000f6c80000,0x00000000f7600000)
 ParOldGen       total 349696K, used 349695K [0x00000000e0000000, 0x00000000f5580000, 0x00000000f5580000)
  object space 349696K, 99% used [0x00000000e0000000,0x00000000f557fff8,0x00000000f5580000)
 Metaspace       used 49582K, committed 50368K, reserved 1097728K
  class space    used 4918K, committed 5248K, reserved 1048576K
}
Event: 270.822 GC heap after
{Heap after GC invocations=202 (full 111):
 PSYoungGen      total 33280K, used 23548K [0x00000000f5580000, 0x00000000f8180000, 0x0000000100000000)
  eden space 23552K, 99% used [0x00000000f5580000,0x00000000f6c7f348,0x00000000f6c80000)
  from space 9728K, 0% used [0x00000000f6c80000,0x00000000f6c80000,0x00000000f7600000)
  to   space 8704K, 0% used [0x00000000f7900000,0x00000000f7900000,0x00000000f8180000)
 ParOldGen       total 349696K, used 349694K [0x00000000e0000000, 0x00000000f5580000, 0x00000000f5580000)
  object space 349696K, 99% used [0x00000000e0000000,0x00000000f557fa58,0x00000000f5580000)
 Metaspace       used 49582K, committed 50368K, reserved 1097728K
  class space    used 4918K, committed 5248K, reserved 1048576K
}
Event: 270.823 GC heap before
{Heap before GC invocations=203 (full 112):
 PSYoungGen      total 33280K, used 23551K [0x00000000f5580000, 0x00000000f8180000, 0x0000000100000000)
  eden space 23552K, 99% used [0x00000000f5580000,0x00000000f6c7fff8,0x00000000f6c80000)
  from space 9728K, 0% used [0x00000000f6c80000,0x00000000f6c80000,0x00000000f7600000)
  to   space 8704K, 0% used [0x00000000f7900000,0x00000000f7900000,0x00000000f8180000)
 ParOldGen       total 349696K, used 349694K [0x00000000e0000000, 0x00000000f5580000, 0x00000000f5580000)
  object space 349696K, 99% used [0x00000000e0000000,0x00000000f557fa58,0x00000000f5580000)
 Metaspace       used 49582K, committed 50368K, reserved 1097728K
  class space    used 4918K, committed 5248K, reserved 1048576K
}
Event: 272.678 GC heap after
{Heap after GC invocations=203 (full 112):
 PSYoungGen      total 32256K, used 23548K [0x00000000f5580000, 0x00000000f8180000, 0x0000000100000000)
  eden space 23552K, 99% used [0x00000000f5580000,0x00000000f6c7f3a0,0x00000000f6c80000)
  from space 8704K, 0% used [0x00000000f7900000,0x00000000f7900000,0x00000000f8180000)
  to   space 9728K, 0% used [0x00000000f6c80000,0x00000000f6c80000,0x00000000f7600000)
 ParOldGen       total 349696K, used 349694K [0x00000000e0000000, 0x00000000f5580000, 0x00000000f5580000)
  object space 349696K, 99% used [0x00000000e0000000,0x00000000f557fa58,0x00000000f5580000)
 Metaspace       used 49582K, committed 50368K, reserved 1097728K
  class space    used 4918K, committed 5248K, reserved 1048576K
}
Event: 272.717 GC heap before
{Heap before GC invocations=204 (full 113):
 PSYoungGen      total 32256K, used 23551K [0x00000000f5580000, 0x00000000f8180000, 0x0000000100000000)
  eden space 23552K, 99% used [0x00000000f5580000,0x00000000f6c7fff8,0x00000000f6c80000)
  from space 8704K, 0% used [0x00000000f7900000,0x00000000f7900000,0x00000000f8180000)
  to   space 9728K, 0% used [0x00000000f6c80000,0x00000000f6c80000,0x00000000f7600000)
 ParOldGen       total 349696K, used 349694K [0x00000000e0000000, 0x00000000f5580000, 0x00000000f5580000)
  object space 349696K, 99% used [0x00000000e0000000,0x00000000f557fa58,0x00000000f5580000)
 Metaspace       used 49582K, committed 50368K, reserved 1097728K
  class space    used 4918K, committed 5248K, reserved 1048576K
}
Event: 274.543 GC heap after
{Heap after GC invocations=204 (full 113):
 PSYoungGen      total 33280K, used 23549K [0x00000000f5580000, 0x00000000f8180000, 0x0000000100000000)
  eden space 23552K, 99% used [0x00000000f5580000,0x00000000f6c7f568,0x00000000f6c80000)
  from space 9728K, 0% used [0x00000000f6c80000,0x00000000f6c80000,0x00000000f7600000)
  to   space 8704K, 0% used [0x00000000f7900000,0x00000000f7900000,0x00000000f8180000)
 ParOldGen       total 349696K, used 349694K [0x00000000e0000000, 0x00000000f5580000, 0x00000000f5580000)
  object space 349696K, 99% used [0x00000000e0000000,0x00000000f557fa58,0x00000000f5580000)
 Metaspace       used 49582K, committed 50368K, reserved 1097728K
  class space    used 4918K, committed 5248K, reserved 1048576K
}
Event: 274.544 GC heap before
{Heap before GC invocations=205 (full 114):
 PSYoungGen      total 33280K, used 23551K [0x00000000f5580000, 0x00000000f8180000, 0x0000000100000000)
  eden space 23552K, 99% used [0x00000000f5580000,0x00000000f6c7fff8,0x00000000f6c80000)
  from space 9728K, 0% used [0x00000000f6c80000,0x00000000f6c80000,0x00000000f7600000)
  to   space 8704K, 0% used [0x00000000f7900000,0x00000000f7900000,0x00000000f8180000)
 ParOldGen       total 349696K, used 349694K [0x00000000e0000000, 0x00000000f5580000, 0x00000000f5580000)
  object space 349696K, 99% used [0x00000000e0000000,0x00000000f557fa58,0x00000000f5580000)
 Metaspace       used 49582K, committed 50368K, reserved 1097728K
  class space    used 4918K, committed 5248K, reserved 1048576K
}
Event: 276.431 GC heap after
{Heap after GC invocations=205 (full 114):
 PSYoungGen      total 32256K, used 23549K [0x00000000f5580000, 0x00000000f8180000, 0x0000000100000000)
  eden space 23552K, 99% used [0x00000000f5580000,0x00000000f6c7f568,0x00000000f6c80000)
  from space 8704K, 0% used [0x00000000f7900000,0x00000000f7900000,0x00000000f8180000)
  to   space 9728K, 0% used [0x00000000f6c80000,0x00000000f6c80000,0x00000000f7600000)
 ParOldGen       total 349696K, used 349694K [0x00000000e0000000, 0x00000000f5580000, 0x00000000f5580000)
  object space 349696K, 99% used [0x00000000e0000000,0x00000000f557fa58,0x00000000f5580000)
 Metaspace       used 49582K, committed 50368K, reserved 1097728K
  class space    used 4918K, committed 5248K, reserved 1048576K
}
Event: 276.436 GC heap before
{Heap before GC invocations=206 (full 115):
 PSYoungGen      total 32256K, used 23552K [0x00000000f5580000, 0x00000000f8180000, 0x0000000100000000)
  eden space 23552K, 100% used [0x00000000f5580000,0x00000000f6c80000,0x00000000f6c80000)
  from space 8704K, 0% used [0x00000000f7900000,0x00000000f7900000,0x00000000f8180000)
  to   space 9728K, 0% used [0x00000000f6c80000,0x00000000f6c80000,0x00000000f7600000)
 ParOldGen       total 349696K, used 349694K [0x00000000e0000000, 0x00000000f5580000, 0x00000000f5580000)
  object space 349696K, 99% used [0x00000000e0000000,0x00000000f557fa58,0x00000000f5580000)
 Metaspace       used 49582K, committed 50368K, reserved 1097728K
  class space    used 4918K, committed 5248K, reserved 1048576K
}
Event: 278.226 GC heap after
{Heap after GC invocations=206 (full 115):
 PSYoungGen      total 33280K, used 23549K [0x00000000f5580000, 0x00000000f8180000, 0x0000000100000000)
  eden space 23552K, 99% used [0x00000000f5580000,0x00000000f6c7f580,0x00000000f6c80000)
  from space 9728K, 0% used [0x00000000f6c80000,0x00000000f6c80000,0x00000000f7600000)
  to   space 8704K, 0% used [0x00000000f7900000,0x00000000f7900000,0x00000000f8180000)
 ParOldGen       total 349696K, used 349694K [0x00000000e0000000, 0x00000000f5580000, 0x00000000f5580000)
  object space 349696K, 99% used [0x00000000e0000000,0x00000000f557fa58,0x00000000f5580000)
 Metaspace       used 49582K, committed 50368K, reserved 1097728K
  class space    used 4918K, committed 5248K, reserved 1048576K
}
Event: 278.226 GC heap before
{Heap before GC invocations=207 (full 116):
 PSYoungGen      total 33280K, used 23549K [0x00000000f5580000, 0x00000000f8180000, 0x0000000100000000)
  eden space 23552K, 99% used [0x00000000f5580000,0x00000000f6c7f580,0x00000000f6c80000)
  from space 9728K, 0% used [0x00000000f6c80000,0x00000000f6c80000,0x00000000f7600000)
  to   space 8704K, 0% used [0x00000000f7900000,0x00000000f7900000,0x00000000f8180000)
 ParOldGen       total 349696K, used 349694K [0x00000000e0000000, 0x00000000f5580000, 0x00000000f5580000)
  object space 349696K, 99% used [0x00000000e0000000,0x00000000f557fa58,0x00000000f5580000)
 Metaspace       used 49582K, committed 50368K, reserved 1097728K
  class space    used 4918K, committed 5248K, reserved 1048576K
}
Event: 280.126 GC heap after
{Heap after GC invocations=207 (full 116):
 PSYoungGen      total 32256K, used 23549K [0x00000000f5580000, 0x00000000f8180000, 0x0000000100000000)
  eden space 23552K, 99% used [0x00000000f5580000,0x00000000f6c7f580,0x00000000f6c80000)
  from space 8704K, 0% used [0x00000000f7900000,0x00000000f7900000,0x00000000f8180000)
  to   space 9728K, 0% used [0x00000000f6c80000,0x00000000f6c80000,0x00000000f7600000)
 ParOldGen       total 349696K, used 349694K [0x00000000e0000000, 0x00000000f5580000, 0x00000000f5580000)
  object space 349696K, 99% used [0x00000000e0000000,0x00000000f557fa58,0x00000000f5580000)
 Metaspace       used 49582K, committed 50368K, reserved 1097728K
  class space    used 4918K, committed 5248K, reserved 1048576K
}

