# JRE version: OpenJDK Runtime Environment GraalVM CE 22.3.0 (17.0.5+8) (build 17.0.5+8-jvmci-22.3-b08)
# Java VM: OpenJDK 64-Bit Server VM GraalVM CE 22.3.0 (17.0.5+8-jvmci-22.3-b08, mixed mode, sharing, tiered, jvmci, jvmci compiler, compressed oops, compressed class ptrs, parallel gc, linux-amd64)
GC Precious Log:
 CPUs: 8 total, 1 available
 Memory: 1024M
 Large Page Support: Disabled
 NUMA Support: Disabled
 Compressed Oops: Enabled (32-bit)
 Alignments: Space 512K, Generation 512K, Heap 2M
 Heap Min Capacity: 100M
 Heap Initial Capacity: 100M
 Heap Max Capacity: 512M
 Pre-touch: Disabled
 Parallel Workers: 1
Heap:
 PSYoungGen      total 59904K, used 43520K [0x00000000f5580000, 0x00000000fa180000, 0x0000000100000000)
  eden space 43520K, 100% used [0x00000000f5580000,0x00000000f8000000,0x00000000f8000000)
  from space 16384K, 0% used [0x00000000f8000000,0x00000000f8000000,0x00000000f9000000)
  to   space 15360K, 0% used [0x00000000f9280000,0x00000000f9280000,0x00000000fa180000)
 ParOldGen       total 349696K, used 349695K [0x00000000e0000000, 0x00000000f5580000, 0x00000000f5580000)
  object space 349696K, 99% used [0x00000000e0000000,0x00000000f557fff8,0x00000000f5580000)
 Metaspace       used 60474K, committed 61568K, reserved 1105920K
  class space    used 5935K, committed 6400K, reserved 1048576K
GC Heap History (20 events):
Event: 1435.706 GC heap before
{Heap before GC invocations=736 (full 622):
 PSYoungGen      total 59904K, used 43519K [0x00000000f5580000, 0x00000000fa180000, 0x0000000100000000)
  eden space 43520K, 99% used [0x00000000f5580000,0x00000000f7fffff0,0x00000000f8000000)
  from space 16384K, 0% used [0x00000000f8000000,0x00000000f8000000,0x00000000f9000000)
  to   space 15360K, 0% used [0x00000000f9280000,0x00000000f9280000,0x00000000fa180000)
 ParOldGen       total 349696K, used 349695K [0x00000000e0000000, 0x00000000f5580000, 0x00000000f5580000)
  object space 349696K, 99% used [0x00000000e0000000,0x00000000f557ff40,0x00000000f5580000)
 Metaspace       used 60469K, committed 61568K, reserved 1105920K
  class space    used 5934K, committed 6400K, reserved 1048576K
}
Event: 1437.817 GC heap after
{Heap after GC invocations=736 (full 622):
 PSYoungGen      total 58880K, used 43519K [0x00000000f5580000, 0x00000000fa180000, 0x0000000100000000)
  eden space 43520K, 99% used [0x00000000f5580000,0x00000000f7ffffe0,0x00000000f8000000)
  from space 15360K, 0% used [0x00000000f9280000,0x00000000f9280000,0x00000000fa180000)
  to   space 16384K, 0% used [0x00000000f8000000,0x00000000f8000000,0x00000000f9000000)
 ParOldGen       total 349696K, used 349695K [0x00000000e0000000, 0x00000000f5580000, 0x00000000f5580000)
  object space 349696K, 99% used [0x00000000e0000000,0x00000000f557fe70,0x00000000f5580000)
 Metaspace       used 60469K, committed 61568K, reserved 1105920K
  class space    used 5934K, committed 6400K, reserved 1048576K
}
Event: 1437.818 GC heap before
{Heap before GC invocations=737 (full 623):
 PSYoungGen      total 58880K, used 43519K [0x00000000f5580000, 0x00000000fa180000, 0x0000000100000000)
  eden space 43520K, 99% used [0x00000000f5580000,0x00000000f7fffff8,0x00000000f8000000)
  from space 15360K, 0% used [0x00000000f9280000,0x00000000f9280000,0x00000000fa180000)
  to   space 16384K, 0% used [0x00000000f8000000,0x00000000f8000000,0x00000000f9000000)
 ParOldGen       total 349696K, used 349695K [0x00000000e0000000, 0x00000000f5580000, 0x00000000f5580000)
  object space 349696K, 99% used [0x00000000e0000000,0x00000000f557fff0,0x00000000f5580000)
 Metaspace       used 60469K, committed 61568K, reserved 1105920K
  class space    used 5934K, committed 6400K, reserved 1048576K
}
Event: 1440.087 GC heap after
{Heap after GC invocations=737 (full 623):
 PSYoungGen      total 59904K, used 43519K [0x00000000f5580000, 0x00000000fa180000, 0x0000000100000000)
  eden space 43520K, 99% used [0x00000000f5580000,0x00000000f7fffff8,0x00000000f8000000)
  from space 16384K, 0% used [0x00000000f8000000,0x00000000f8000000,0x00000000f9000000)
  to   space 15360K, 0% used [0x00000000f9280000,0x00000000f9280000,0x00000000fa180000)
 ParOldGen       total 349696K, used 349695K [0x00000000e0000000, 0x00000000f5580000, 0x00000000f5580000)
  object space 349696K, 99% used [0x00000000e0000000,0x00000000f557fff0,0x00000000f5580000)
 Metaspace       used 60469K, committed 61568K, reserved 1105920K
  class space    used 5934K, committed 6400K, reserved 1048576K
}
Event: 1440.087 GC heap before
{Heap before GC invocations=738 (full 624):
 PSYoungGen      total 59904K, used 43519K [0x00000000f5580000, 0x00000000fa180000, 0x0000000100000000)
  eden space 43520K, 99% used [0x00000000f5580000,0x00000000f7fffff8,0x00000000f8000000)
  from space 16384K, 0% used [0x00000000f8000000,0x00000000f8000000,0x00000000f9000000)
  to   space 15360K, 0% used [0x00000000f9280000,0x00000000f9280000,0x00000000fa180000)
 ParOldGen       total 349696K, used 349695K [0x00000000e0000000, 0x00000000f5580000, 0x00000000f5580000)
  object space 349696K, 99% used [0x00000000e0000000,0x00000000f557fff0,0x00000000f5580000)
 Metaspace       used 60469K, committed 61568K, reserved 1105920K
  class space    used 5934K, committed 6400K, reserved 1048576K
}
Event: 1442.287 GC heap after
{Heap after GC invocations=738 (full 624):
 PSYoungGen      total 58880K, used 43519K [0x00000000f5580000, 0x00000000fa180000, 0x0000000100000000)
  eden space 43520K, 99% used [0x00000000f5580000,0x00000000f7fffff8,0x00000000f8000000)
  from space 15360K, 0% used [0x00000000f9280000,0x00000000f9280000,0x00000000fa180000)
  to   space 16384K, 0% used [0x00000000f8000000,0x00000000f8000000,0x00000000f9000000)
 ParOldGen       total 349696K, used 349695K [0x00000000e0000000, 0x00000000f5580000, 0x00000000f5580000)
  object space 349696K, 99% used [0x00000000e0000000,0x00000000f557fff0,0x00000000f5580000)
 Metaspace       used 60469K, committed 61568K, reserved 1105920K
  class space    used 5934K, committed 6400K, reserved 1048576K
}
Event: 1442.288 GC heap before
{Heap before GC invocations=739 (full 625):
 PSYoungGen      total 58880K, used 43519K [0x00000000f5580000, 0x00000000fa180000, 0x0000000100000000)
  eden space 43520K, 99% used [0x00000000f5580000,0x00000000f7fffff8,0x00000000f8000000)
  from space 15360K, 0% used [0x00000000f9280000,0x00000000f9280000,0x00000000fa180000)
  to   space 16384K, 0% used [0x00000000f8000000,0x00000000f8000000,0x00000000f9000000)
 ParOldGen       total 349696K, used 349695K [0x00000000e0000000, 0x00000000f5580000, 0x00000000f5580000)
  object space 349696K, 99% used [0x00000000e0000000,0x00000000f557fff0,0x00000000f5580000)
 Metaspace       used 60469K, committed 61568K, reserved 1105920K
  class space    used 5934K, committed 6400K, reserved 1048576K
}
Event: 1444.977 GC heap after
{Heap after GC invocations=739 (full 625):
 PSYoungGen      total 59904K, used 43519K [0x00000000f5580000, 0x00000000fa180000, 0x0000000100000000)
  eden space 43520K, 99% used [0x00000000f5580000,0x00000000f7fffff8,0x00000000f8000000)
  from space 16384K, 0% used [0x00000000f8000000,0x00000000f8000000,0x00000000f9000000)
  to   space 15360K, 0% used [0x00000000f9280000,0x00000000f9280000,0x00000000fa180000)
 ParOldGen       total 349696K, used 349694K [0x00000000e0000000, 0x00000000f5580000, 0x00000000f5580000)
  object space 349696K, 99% used [0x00000000e0000000,0x00000000f557f878,0x00000000f5580000)
 Metaspace       used 60469K, committed 61568K, reserved 1105920K
  class space    used 5934K, committed 6400K, reserved 1048576K
}
Event: 1444.979 GC heap before
{Heap before GC invocations=740 (full 626):
 PSYoungGen      total 59904K, used 43519K [0x00000000f5580000, 0x00000000fa180000, 0x0000000100000000)
  eden space 43520K, 99% used [0x00000000f5580000,0x00000000f7fffff8,0x00000000f8000000)
  from space 16384K, 0% used [0x00000000f8000000,0x00000000f8000000,0x00000000f9000000)
  to   space 15360K, 0% used [0x00000000f9280000,0x00000000f9280000,0x00000000fa180000)
 ParOldGen       total 349696K, used 349695K [0x00000000e0000000, 0x00000000f5580000, 0x00000000f5580000)
  object space 349696K, 99% used [0x00000000e0000000,0x00000000f557ff60,0x00000000f5580000)
 Metaspace       used 60472K, committed 61568K, reserved 1105920K
  class space    used 5935K, committed 6400K, reserved 1048576K
}
Event: 1447.089 GC heap after
{Heap after GC invocations=740 (full 626):
 PSYoungGen      total 58880K, used 43519K [0x00000000f5580000, 0x00000000fa180000, 0x0000000100000000)
  eden space 43520K, 99% used [0x00000000f5580000,0x00000000f7ffff78,0x00000000f8000000)
  from space 15360K, 0% used [0x00000000f9280000,0x00000000f9280000,0x00000000fa180000)
  to   space 16384K, 0% used [0x00000000f8000000,0x00000000f8000000,0x00000000f9000000)
 ParOldGen       total 349696K, used 349694K [0x00000000e0000000, 0x00000000f5580000, 0x00000000f5580000)
  object space 349696K, 99% used [0x00000000e0000000,0x00000000f557fa30,0x00000000f5580000)
 Metaspace       used 60472K, committed 61568K, reserved 1105920K
  class space    used 5935K, committed 6400K, reserved 1048576K
}
Event: 1447.092 GC heap before
{Heap before GC invocations=741 (full 627):
 PSYoungGen      total 58880K, used 43519K [0x00000000f5580000, 0x00000000fa180000, 0x0000000100000000)
  eden space 43520K, 99% used [0x00000000f5580000,0x00000000f7fffff8,0x00000000f8000000)
  from space 15360K, 0% used [0x00000000f9280000,0x00000000f9280000,0x00000000fa180000)
  to   space 16384K, 0% used [0x00000000f8000000,0x00000000f8000000,0x00000000f9000000)
 ParOldGen       total 349696K, used 349694K [0x00000000e0000000, 0x00000000f5580000, 0x00000000f5580000)
  object space 349696K, 99% used [0x00000000e0000000,0x00000000f557fa30,0x00000000f5580000)
 Metaspace       used 60472K, committed 61568K, reserved 1105920K
  class space    used 5935K, committed 6400K, reserved 1048576K
}
Event: 1449.226 GC heap after
{Heap after GC invocations=741 (full 627):
 PSYoungGen      total 59904K, used 43519K [0x00000000f5580000, 0x00000000fa180000, 0x0000000100000000)
  eden space 43520K, 99% used [0x00000000f5580000,0x00000000f7ffff98,0x00000000f8000000)
  from space 16384K, 0% used [0x00000000f8000000,0x00000000f8000000,0x00000000f9000000)
  to   space 15360K, 0% used [0x00000000f9280000,0x00000000f9280000,0x00000000fa180000)
 ParOldGen       total 349696K, used 349694K [0x00000000e0000000, 0x00000000f5580000, 0x00000000f5580000)
  object space 349696K, 99% used [0x00000000e0000000,0x00000000f557f9f8,0x00000000f5580000)
 Metaspace       used 60472K, committed 61568K, reserved 1105920K
  class space    used 5935K, committed 6400K, reserved 1048576K
}
Event: 1449.226 GC heap before
{Heap before GC invocations=742 (full 628):
 PSYoungGen      total 59904K, used 43519K [0x00000000f5580000, 0x00000000fa180000, 0x0000000100000000)
  eden space 43520K, 99% used [0x00000000f5580000,0x00000000f7fffff0,0x00000000f8000000)
  from space 16384K, 0% used [0x00000000f8000000,0x00000000f8000000,0x00000000f9000000)
  to   space 15360K, 0% used [0x00000000f9280000,0x00000000f9280000,0x00000000fa180000)
 ParOldGen       total 349696K, used 349694K [0x00000000e0000000, 0x00000000f5580000, 0x00000000f5580000)
  object space 349696K, 99% used [0x00000000e0000000,0x00000000f557f9f8,0x00000000f5580000)
 Metaspace       used 60472K, committed 61568K, reserved 1105920K
  class space    used 5935K, committed 6400K, reserved 1048576K
}
Event: 1451.464 GC heap after
{Heap after GC invocations=742 (full 628):
 PSYoungGen      total 58880K, used 43519K [0x00000000f5580000, 0x00000000fa180000, 0x0000000100000000)
  eden space 43520K, 99% used [0x00000000f5580000,0x00000000f7fffff0,0x00000000f8000000)
  from space 15360K, 0% used [0x00000000f9280000,0x00000000f9280000,0x00000000fa180000)
  to   space 16384K, 0% used [0x00000000f8000000,0x00000000f8000000,0x00000000f9000000)
 ParOldGen       total 349696K, used 349694K [0x00000000e0000000, 0x00000000f5580000, 0x00000000f5580000)
  object space 349696K, 99% used [0x00000000e0000000,0x00000000f557f9f8,0x00000000f5580000)
 Metaspace       used 60472K, committed 61568K, reserved 1105920K
  class space    used 5935K, committed 6400K, reserved 1048576K
}
Event: 1451.467 GC heap before
{Heap before GC invocations=743 (full 629):
 PSYoungGen      total 58880K, used 43520K [0x00000000f5580000, 0x00000000fa180000, 0x0000000100000000)
  eden space 43520K, 100% used [0x00000000f5580000,0x00000000f8000000,0x00000000f8000000)
  from space 15360K, 0% used [0x00000000f9280000,0x00000000f9280000,0x00000000fa180000)
  to   space 16384K, 0% used [0x00000000f8000000,0x00000000f8000000,0x00000000f9000000)
 ParOldGen       total 349696K, used 349695K [0x00000000e0000000, 0x00000000f5580000, 0x00000000f5580000)
  object space 349696K, 99% used [0x00000000e0000000,0x00000000f557ff60,0x00000000f5580000)
 Metaspace       used 60472K, committed 61568K, reserved 1105920K
  class space    used 5935K, committed 6400K, reserved 1048576K
}
Event: 1453.612 GC heap after
{Heap after GC invocations=743 (full 629):
 PSYoungGen      total 59904K, used 43519K [0x00000000f5580000, 0x00000000fa180000, 0x0000000100000000)
  eden space 43520K, 99% used [0x00000000f5580000,0x00000000f7ffff68,0x00000000f8000000)
  from space 16384K, 0% used [0x00000000f8000000,0x00000000f8000000,0x00000000f9000000)
  to   space 15360K, 0% used [0x00000000f9280000,0x00000000f9280000,0x00000000fa180000)
 ParOldGen       total 349696K, used 349694K [0x00000000e0000000, 0x00000000f5580000, 0x00000000f5580000)
  object space 349696K, 99% used [0x00000000e0000000,0x00000000f557fb58,0x00000000f5580000)
 Metaspace       used 60472K, committed 61568K, reserved 1105920K
  class space    used 5935K, committed 6400K, reserved 1048576K
}
Event: 1453.616 GC heap before
{Heap before GC invocations=744 (full 630):
 PSYoungGen      total 59904K, used 43519K [0x00000000f5580000, 0x00000000fa180000, 0x0000000100000000)
  eden space 43520K, 99% used [0x00000000f5580000,0x00000000f7ffffa0,0x00000000f8000000)
  from space 16384K, 0% used [0x00000000f8000000,0x00000000f8000000,0x00000000f9000000)
  to   space 15360K, 0% used [0x00000000f9280000,0x00000000f9280000,0x00000000fa180000)
 ParOldGen       total 349696K, used 349694K [0x00000000e0000000, 0x00000000f5580000, 0x00000000f5580000)
  object space 349696K, 99% used [0x00000000e0000000,0x00000000f557fb58,0x00000000f5580000)
 Metaspace       used 60472K, committed 61568K, reserved 1105920K
  class space    used 5935K, committed 6400K, reserved 1048576K
}
Event: 1455.806 GC heap after
{Heap after GC invocations=744 (full 630):
 PSYoungGen      total 58880K, used 43519K [0x00000000f5580000, 0x00000000fa180000, 0x0000000100000000)
  eden space 43520K, 99% used [0x00000000f5580000,0x00000000f7ffff80,0x00000000f8000000)
  from space 15360K, 0% used [0x00000000f9280000,0x00000000f9280000,0x00000000fa180000)
  to   space 16384K, 0% used [0x00000000f8000000,0x00000000f8000000,0x00000000f9000000)
 ParOldGen       total 349696K, used 349694K [0x00000000e0000000, 0x00000000f5580000, 0x00000000f5580000)
  object space 349696K, 99% used [0x00000000e0000000,0x00000000f557fb58,0x00000000f5580000)
 Metaspace       used 60472K, committed 61568K, reserved 1105920K
  class space    used 5935K, committed 6400K, reserved 1048576K
}
Event: 1455.806 GC heap before
{Heap before GC invocations=745 (full 631):
 PSYoungGen      total 58880K, used 43519K [0x00000000f5580000, 0x00000000fa180000, 0x0000000100000000)
  eden space 43520K, 99% used [0x00000000f5580000,0x00000000f7ffff80,0x00000000f8000000)
  from space 15360K, 0% used [0x00000000f9280000,0x00000000f9280000,0x00000000fa180000)
  to   space 16384K, 0% used [0x00000000f8000000,0x00000000f8000000,0x00000000f9000000)
 ParOldGen       total 349696K, used 349694K [0x00000000e0000000, 0x00000000f5580000, 0x00000000f5580000)
  object space 349696K, 99% used [0x00000000e0000000,0x00000000f557fb58,0x00000000f5580000)
 Metaspace       used 60472K, committed 61568K, reserved 1105920K
  class space    used 5935K, committed 6400K, reserved 1048576K
}
Event: 1458.006 GC heap after
{Heap after GC invocations=745 (full 631):
 PSYoungGen      total 59904K, used 43519K [0x00000000f5580000, 0x00000000fa180000, 0x0000000100000000)
  eden space 43520K, 99% used [0x00000000f5580000,0x00000000f7ffff80,0x00000000f8000000)
  from space 16384K, 0% used [0x00000000f8000000,0x00000000f8000000,0x00000000f9000000)
  to   space 15360K, 0% used [0x00000000f9280000,0x00000000f9280000,0x00000000fa180000)
 ParOldGen       total 349696K, used 349694K [0x00000000e0000000, 0x00000000f5580000, 0x00000000f5580000)
  object space 349696K, 99% used [0x00000000e0000000,0x00000000f557fb58,0x00000000f5580000)
 Metaspace       used 60472K, committed 61568K, reserved 1105920K
  class space    used 5935K, committed 6400K, reserved 1048576K
}

